<?xml version='1.0' encoding='UTF-8'?>
<testsuites>
  <testsuite name="sample_labels" package_name="bzt">
    <testcase classname="bzt-8782255044021" name="Create Employee"/>
    <testcase classname="bzt-8782255044021" name="Get All Employees"/>
  </testsuite>
</testsuites>
